resource_dir: Ok("\\\\?\\C:\\Users\\SectionTEST\\AppData\\Local\\FBS")
server_js pad: "\\\\?\\C:\\Users\\SectionTEST\\AppData\\Local\\FBS\\app\\server.js"
server_js bestaat: true
resource_dir: Ok("\\\\?\\C:\\Users\\SectionTEST\\AppData\\Local\\FBS")
server_js pad: "\\\\?\\C:\\Users\\SectionTEST\\AppData\\Local\\FBS\\app\\server.js"
server_js bestaat: true
server_js genormaliseerd: C:\Users\SectionTEST\AppData\Local\FBS\app\server.js
resource_dir: Ok("\\\\?\\C:\\Users\\SectionTEST\\AppData\\Local\\FBS")
server_js pad: "\\\\?\\C:\\Users\\SectionTEST\\AppData\\Local\\FBS\\app\\server.js"
server_js bestaat: true
server_js genormaliseerd: C:\Users\SectionTEST\AppData\Local\FBS\app\server.js
exe dir: Ok("\\\\?\\C:\\Users\\SectionTEST\\AppData\\Local\\FBS")
sidecar pad: Ok("\\\\?\\C:\\Users\\SectionTEST\\AppData\\Local\\FBS\\binaries\\node-x86_64-pc-windows-msvc.exe")
sidecar bestaat: false
resource_dir: Ok("\\\\?\\C:\\Users\\SectionTEST\\AppData\\Local\\FBS")
server_js pad: "\\\\?\\C:\\Users\\SectionTEST\\AppData\\Local\\FBS\\app\\server.js"
server_js bestaat: true
server_js genormaliseerd: C:\Users\SectionTEST\AppData\Local\FBS\app\server.js
sidecar pad: Ok("\\\\?\\C:\\Users\\SectionTEST\\AppData\\Local\\FBS\\node-x86_64-pc-windows-msvc.exe")
sidecar bestaat: false
resource_dir: Ok("\\\\?\\C:\\Users\\SectionTEST\\AppData\\Local\\FBS")
server_js pad: "\\\\?\\C:\\Users\\SectionTEST\\AppData\\Local\\FBS\\app\\server.js"
server_js bestaat: true
server_js genormaliseerd: C:\Users\SectionTEST\AppData\Local\FBS\app\server.js
sidecar pad: Ok("\\\\?\\C:\\Users\\SectionTEST\\AppData\\Local\\FBS\\node-x86_64-pc-windows-msvc.exe")
sidecar bestaat: false
resource_dir: Ok("\\\\?\\C:\\Users\\SectionTEST\\AppData\\Local\\FBS")
server_js pad: "\\\\?\\C:\\Users\\SectionTEST\\AppData\\Local\\FBS\\app\\server.js"
server_js bestaat: true
server_js genormaliseerd: C:\Users\SectionTEST\AppData\Local\FBS\app\server.js
db_path: C:\Users\SectionTEST\AppData\Local\FBS\fbs.db
sidecar pad: Ok("\\\\?\\C:\\Users\\SectionTEST\\AppData\\Local\\FBS\\node-x86_64-pc-windows-msvc.exe")
sidecar bestaat: false
resource_dir: Ok("\\\\?\\C:\\Users\\SectionTEST\\AppData\\Local\\FBS")
server_js pad: "\\\\?\\C:\\Users\\SectionTEST\\AppData\\Local\\FBS\\app\\server.js"
server_js bestaat: true
server_js genormaliseerd: C:\Users\SectionTEST\AppData\Local\FBS\app\server.js
db_path: C:\Users\SectionTEST\AppData\Local\FBS\fbs.db
sidecar pad: Ok("\\\\?\\C:\\Users\\SectionTEST\\AppData\\Local\\FBS\\node-x86_64-pc-windows-msvc.exe")
sidecar bestaat: false
[node] ▲ Next.js 16.2.1

[node] - Local:         http://localhost:3000

[node] - Network:       http://0.0.0.0:3000

[node] ✓ Ready in 0ms

[node] Failed to prepare server Error: An error occurred while loading instrumentation hook: The module '\\?\C:\Users\SectionTEST\AppData\Local\FBS\app\.next\node_modules\better-sqlite3-90e2652d1716b047\build\Release\better_sqlite3.node'

[node] was compiled against a different Node.js version using

[node] NODE_MODULE_VERSION 137. This version of Node.js requires

[node] NODE_MODULE_VERSION 115. Please try re-compiling or re-installing

[node] the module (for instance, using `npm rebuild` or `npm install`).

[node]     at n (C:\Users\SectionTEST\AppData\Local\FBS\app\.next\server\chunks\[root-of-the-server]__02zbp57._.js:1:342)

[node]     at <unknown> (C:\Users\SectionTEST\AppData\Local\FBS\app\.next\server\chunks\[root-of-the-server]__02zbp57._.js:47:43) {

[node]   code: 'ERR_DLOPEN_FAILED'

[node] }

[node] Error: An error occurred while loading instrumentation hook: The module '\\?\C:\Users\SectionTEST\AppData\Local\FBS\app\.next\node_modules\better-sqlite3-90e2652d1716b047\build\Release\better_sqlite3.node'

[node] was compiled against a different Node.js version using

[node] NODE_MODULE_VERSION 137. This version of Node.js requires

[node] NODE_MODULE_VERSION 115. Please try re-compiling or re-installing

[node] the module (for instance, using `npm rebuild` or `npm install`).

[node]     at n (C:\Users\SectionTEST\AppData\Local\FBS\app\.next\server\chunks\[root-of-the-server]__02zbp57._.js:1:342)

[node]     at <unknown> (C:\Users\SectionTEST\AppData\Local\FBS\app\.next\server\chunks\[root-of-the-server]__02zbp57._.js:47:43) {

[node]   code: 'ERR_DLOPEN_FAILED'

[node] }

[node] ⨯ unhandledRejection:  Error: An error occurred while loading instrumentation hook: The module '\\?\C:\Users\SectionTEST\AppData\Local\FBS\app\.next\node_modules\better-sqlite3-90e2652d1716b047\build\Release\better_sqlite3.node'

[node] was compiled against a different Node.js version using

[node] NODE_MODULE_VERSION 137. This version of Node.js requires

[node] NODE_MODULE_VERSION 115. Please try re-compiling or re-installing

[node] the module (for instance, using `npm rebuild` or `npm install`).

[node]     at n (C:\Users\SectionTEST\AppData\Local\FBS\app\.next\server\chunks\[root-of-the-server]__02zbp57._.js:1:342)

[node]     at <unknown> (C:\Users\SectionTEST\AppData\Local\FBS\app\.next\server\chunks\[root-of-the-server]__02zbp57._.js:47:43) {

[node]   code: 'ERR_DLOPEN_FAILED'

[node] }

[node] Failed to prepare server Error: An error occurred while loading instrumentation hook: The module '\\?\C:\Users\SectionTEST\AppData\Local\FBS\app\.next\node_modules\better-sqlite3-90e2652d1716b047\build\Release\better_sqlite3.node'

[node] was compiled against a different Node.js version using

[node] NODE_MODULE_VERSION 137. This version of Node.js requires

[node] NODE_MODULE_VERSION 115. Please try re-compiling or re-installing

[node] the module (for instance, using `npm rebuild` or `npm install`).

[node]     at n (C:\Users\SectionTEST\AppData\Local\FBS\app\.next\server\chunks\[root-of-the-server]__02zbp57._.js:1:342)

[node]     at <unknown> (C:\Users\SectionTEST\AppData\Local\FBS\app\.next\server\chunks\[root-of-the-server]__02zbp57._.js:47:43) {

[node]   code: 'ERR_DLOPEN_FAILED'

[node] }

[node] Error: An error occurred while loading instrumentation hook: The module '\\?\C:\Users\SectionTEST\AppData\Local\FBS\app\.next\node_modules\better-sqlite3-90e2652d1716b047\build\Release\better_sqlite3.node'

[node] was compiled against a different Node.js version using

[node] NODE_MODULE_VERSION 137. This version of Node.js requires

[node] NODE_MODULE_VERSION 115. Please try re-compiling or re-installing

[node] the module (for instance, using `npm rebuild` or `npm install`).

[node]     at n (C:\Users\SectionTEST\AppData\Local\FBS\app\.next\server\chunks\[root-of-the-server]__02zbp57._.js:1:342)

[node]     at <unknown> (C:\Users\SectionTEST\AppData\Local\FBS\app\.next\server\chunks\[root-of-the-server]__02zbp57._.js:47:43) {

[node]   code: 'ERR_DLOPEN_FAILED'

[node] }

[node] Error: An error occurred while loading instrumentation hook: The module '\\?\C:\Users\SectionTEST\AppData\Local\FBS\app\.next\node_modules\better-sqlite3-90e2652d1716b047\build\Release\better_sqlite3.node'

[node] was compiled against a different Node.js version using

[node] NODE_MODULE_VERSION 137. This version of Node.js requires

[node] NODE_MODULE_VERSION 115. Please try re-compiling or re-installing

[node] the module (for instance, using `npm rebuild` or `npm install`).

[node]     at n (C:\Users\SectionTEST\AppData\Local\FBS\app\.next\server\chunks\[root-of-the-server]__02zbp57._.js:1:342)

[node]     at <unknown> (C:\Users\SectionTEST\AppData\Local\FBS\app\.next\server\chunks\[root-of-the-server]__02zbp57._.js:47:43) {

[node]   code: 'ERR_DLOPEN_FAILED'

[node] }

[node] Error: An error occurred while loading instrumentation hook: The module '\\?\C:\Users\SectionTEST\AppData\Local\FBS\app\.next\node_modules\better-sqlite3-90e2652d1716b047\build\Release\better_sqlite3.node'

[node] was compiled against a different Node.js version using

[node] NODE_MODULE_VERSION 137. This version of Node.js requires

[node] NODE_MODULE_VERSION 115. Please try re-compiling or re-installing

[node] the module (for instance, using `npm rebuild` or `npm install`).

[node]     at n (C:\Users\SectionTEST\AppData\Local\FBS\app\.next\server\chunks\[root-of-the-server]__02zbp57._.js:1:342)

[node]     at <unknown> (C:\Users\SectionTEST\AppData\Local\FBS\app\.next\server\chunks\[root-of-the-server]__02zbp57._.js:47:43) {

[node]   code: 'ERR_DLOPEN_FAILED'

[node] }

[node] Error: An error occurred while loading instrumentation hook: The module '\\?\C:\Users\SectionTEST\AppData\Local\FBS\app\.next\node_modules\better-sqlite3-90e2652d1716b047\build\Release\better_sqlite3.node'

[node] was compiled against a different Node.js version using

[node] NODE_MODULE_VERSION 137. This version of Node.js requires

[node] NODE_MODULE_VERSION 115. Please try re-compiling or re-installing

[node] the module (for instance, using `npm rebuild` or `npm install`).

[node]     at n (C:\Users\SectionTEST\AppData\Local\FBS\app\.next\server\chunks\[root-of-the-server]__02zbp57._.js:1:342)

[node]     at <unknown> (C:\Users\SectionTEST\AppData\Local\FBS\app\.next\server\chunks\[root-of-the-server]__02zbp57._.js:47:43) {

[node]   code: 'ERR_DLOPEN_FAILED'

[node] }

[node] Error: An error occurred while loading instrumentation hook: The module '\\?\C:\Users\SectionTEST\AppData\Local\FBS\app\.next\node_modules\better-sqlite3-90e2652d1716b047\build\Release\better_sqlite3.node'

[node] was compiled against a different Node.js version using

[node] NODE_MODULE_VERSION 137. This version of Node.js requires

[node] NODE_MODULE_VERSION 115. Please try re-compiling or re-installing

[node] the module (for instance, using `npm rebuild` or `npm install`).

[node]     at n (C:\Users\SectionTEST\AppData\Local\FBS\app\.next\server\chunks\[root-of-the-server]__02zbp57._.js:1:342)

[node]     at <unknown> (C:\Users\SectionTEST\AppData\Local\FBS\app\.next\server\chunks\[root-of-the-server]__02zbp57._.js:47:43) {

[node]   code: 'ERR_DLOPEN_FAILED'

[node] }

[node] Error: An error occurred while loading instrumentation hook: The module '\\?\C:\Users\SectionTEST\AppData\Local\FBS\app\.next\node_modules\better-sqlite3-90e2652d1716b047\build\Release\better_sqlite3.node'

[node] was compiled against a different Node.js version using

[node] NODE_MODULE_VERSION 137. This version of Node.js requires

[node] NODE_MODULE_VERSION 115. Please try re-compiling or re-installing

[node] the module (for instance, using `npm rebuild` or `npm install`).

[node]     at n (C:\Users\SectionTEST\AppData\Local\FBS\app\.next\server\chunks\[root-of-the-server]__02zbp57._.js:1:342)

[node]     at <unknown> (C:\Users\SectionTEST\AppData\Local\FBS\app\.next\server\chunks\[root-of-the-server]__02zbp57._.js:47:43) {

[node]   code: 'ERR_DLOPEN_FAILED'

[node] }

resource_dir: Ok("\\\\?\\C:\\Users\\SectionTEST\\AppData\\Local\\FBS")
server_js pad: "\\\\?\\C:\\Users\\SectionTEST\\AppData\\Local\\FBS\\app\\server.js"
server_js bestaat: true
server_js genormaliseerd: C:\Users\SectionTEST\AppData\Local\FBS\app\server.js
db_path: C:\Users\SectionTEST\AppData\Local\FBS\fbs.db
sidecar pad: Ok("\\\\?\\C:\\Users\\SectionTEST\\AppData\\Local\\FBS\\node-x86_64-pc-windows-msvc.exe")
sidecar bestaat: false
[node] ▲ Next.js 16.2.1

[node] - Local:         http://localhost:3001

[node] - Network:       http://0.0.0.0:3001

[node] ✓ Ready in 0ms

[node] [backup] Automatische backup mislukt: Error: ENOENT: no such file or directory, stat 'C:\Users\SectionTEST\AppData\Local\FBS\app\fbs.db'

[node]     at Immediate._onImmediate (C:\Users\SectionTEST\AppData\Local\FBS\app\.next\server\chunks\[root-of-the-server]__0.~vnjk._.js:7:964) {

[node]   errno: -4058,

[node]   code: 'ENOENT',

[node]   syscall: 'stat',

[node]   path: 'C:\\Users\\SectionTEST\\AppData\\Local\\FBS\\app\\fbs.db'

[node] }

resource_dir: Ok("\\\\?\\C:\\Users\\SectionTEST\\AppData\\Local\\FBS")
server_js pad: "\\\\?\\C:\\Users\\SectionTEST\\AppData\\Local\\FBS\\app\\server.js"
server_js bestaat: true
server_js genormaliseerd: C:\Users\SectionTEST\AppData\Local\FBS\app\server.js
db_path: C:\Users\SectionTEST\AppData\Local\FBS\fbs.db
sidecar pad: Ok("\\\\?\\C:\\Users\\SectionTEST\\AppData\\Local\\FBS\\node-x86_64-pc-windows-msvc.exe")
sidecar bestaat: false
[node] ▲ Next.js 16.2.1

[node] - Local:         http://localhost:3001

[node] - Network:       http://0.0.0.0:3001

[node] ✓ Ready in 0ms

resource_dir: Ok("\\\\?\\C:\\Users\\SectionTEST\\AppData\\Local\\FBS")
server_js pad: "\\\\?\\C:\\Users\\SectionTEST\\AppData\\Local\\FBS\\app\\server.js"
server_js bestaat: true
server_js genormaliseerd: C:\Users\SectionTEST\AppData\Local\FBS\app\server.js
db_path: C:\Users\SectionTEST\AppData\Local\FBS\fbs.db
sidecar pad: Ok("\\\\?\\C:\\Users\\SectionTEST\\AppData\\Local\\FBS\\node-x86_64-pc-windows-msvc.exe")
sidecar bestaat: false
[node] ▲ Next.js 16.2.1

[node] - Local:         http://localhost:3001

[node] - Network:       http://0.0.0.0:3001

[node] ✓ Ready in 0ms

[node] [backup] Automatische backup mislukt: Error: ENOENT: no such file or directory, stat 'C:\Users\SectionTEST\AppData\Local\FBS\app\fbs.db'

[node]     at Immediate._onImmediate (C:\Users\SectionTEST\AppData\Local\FBS\app\.next\server\chunks\[root-of-the-server]__0.~vnjk._.js:7:964) {

[node]   errno: -4058,

[node]   code: 'ENOENT',

[node]   syscall: 'stat',

[node]   path: 'C:\\Users\\SectionTEST\\AppData\\Local\\FBS\\app\\fbs.db'

[node] }

[node] [backup] Automatische backup mislukt: Error: ENOENT: no such file or directory, stat 'C:\Users\SectionTEST\AppData\Local\FBS\app\fbs.db'

[node]     at Immediate._onImmediate (C:\Users\SectionTEST\AppData\Local\FBS\app\.next\server\chunks\[root-of-the-server]__0.~vnjk._.js:7:964) {

[node]   errno: -4058,

[node]   code: 'ENOENT',

[node]   syscall: 'stat',

[node]   path: 'C:\\Users\\SectionTEST\\AppData\\Local\\FBS\\app\\fbs.db'

[node] }

resource_dir: Ok("\\\\?\\C:\\Users\\SectionTEST\\AppData\\Local\\FBS")
server_js pad: "\\\\?\\C:\\Users\\SectionTEST\\AppData\\Local\\FBS\\app\\server.js"
server_js bestaat: true
server_js genormaliseerd: C:\Users\SectionTEST\AppData\Local\FBS\app\server.js
db_path: C:\Users\SectionTEST\AppData\Local\FBS\fbs.db
sidecar pad: Ok("\\\\?\\C:\\Users\\SectionTEST\\AppData\\Local\\FBS\\node-x86_64-pc-windows-msvc.exe")
sidecar bestaat: false
[node] ▲ Next.js 16.2.1

[node] - Local:         http://localhost:3001

[node] - Network:       http://0.0.0.0:3001

[node] ✓ Ready in 0ms

resource_dir: Ok("\\\\?\\C:\\Users\\SectionTEST\\AppData\\Local\\FBS")
server_js pad: "\\\\?\\C:\\Users\\SectionTEST\\AppData\\Local\\FBS\\app\\server.js"
server_js bestaat: true
server_js genormaliseerd: C:\Users\SectionTEST\AppData\Local\FBS\app\server.js
db_path: C:\Users\SectionTEST\AppData\Local\FBS\fbs.db
sidecar pad: Ok("\\\\?\\C:\\Users\\SectionTEST\\AppData\\Local\\FBS\\node-x86_64-pc-windows-msvc.exe")
sidecar bestaat: false
[node] ▲ Next.js 16.2.1

[node] - Local:         http://localhost:3001

[node] - Network:       http://0.0.0.0:3001

[node] ✓ Ready in 0ms

resource_dir: Ok("\\\\?\\C:\\Users\\SectionTEST\\AppData\\Local\\FBS")
server_js pad: "\\\\?\\C:\\Users\\SectionTEST\\AppData\\Local\\FBS\\app\\server.js"
server_js bestaat: true
server_js genormaliseerd: C:\Users\SectionTEST\AppData\Local\FBS\app\server.js
db_path: C:\Users\SectionTEST\AppData\Local\FBS\fbs.db
sidecar pad: Ok("\\\\?\\C:\\Users\\SectionTEST\\AppData\\Local\\FBS\\node-x86_64-pc-windows-msvc.exe")
sidecar bestaat: false
[node] ▲ Next.js 16.2.1

[node] - Local:         http://localhost:3001

[node] - Network:       http://0.0.0.0:3001

[node] ✓ Ready in 0ms

resource_dir: Ok("\\\\?\\C:\\Users\\SectionTEST\\AppData\\Local\\FBS")
server_js pad: "\\\\?\\C:\\Users\\SectionTEST\\AppData\\Local\\FBS\\app\\server.js"
server_js bestaat: true
server_js genormaliseerd: C:\Users\SectionTEST\AppData\Local\FBS\app\server.js
db_path: C:\Users\SectionTEST\AppData\Local\FBS\fbs.db
sidecar pad: Ok("\\\\?\\C:\\Users\\SectionTEST\\AppData\\Local\\FBS\\node-x86_64-pc-windows-msvc.exe")
sidecar bestaat: false
[node] ▲ Next.js 16.2.1

[node] - Local:         http://localhost:3001

[node] - Network:       http://0.0.0.0:3001

[node] ✓ Ready in 0ms

resource_dir: Ok("\\\\?\\C:\\Users\\SectionTEST\\AppData\\Local\\FBS")
server_js pad: "\\\\?\\C:\\Users\\SectionTEST\\AppData\\Local\\FBS\\app\\server.js"
server_js bestaat: true
server_js genormaliseerd: C:\Users\SectionTEST\AppData\Local\FBS\app\server.js
db_path: C:\Users\SectionTEST\AppData\Local\FBS\fbs.db
sidecar pad: Ok("\\\\?\\C:\\Users\\SectionTEST\\AppData\\Local\\FBS\\node-x86_64-pc-windows-msvc.exe")
sidecar bestaat: false
[node] ▲ Next.js 16.2.1

[node] - Local:         http://localhost:3001

[node] - Network:       http://0.0.0.0:3001

[node] ✓ Ready in 0ms

resource_dir: Ok("\\\\?\\C:\\Users\\SectionTEST\\AppData\\Local\\FBS")
server_js pad: "\\\\?\\C:\\Users\\SectionTEST\\AppData\\Local\\FBS\\app\\server.js"
server_js bestaat: true
server_js genormaliseerd: C:\Users\SectionTEST\AppData\Local\FBS\app\server.js
db_path: C:\Users\SectionTEST\AppData\Local\FBS\fbs.db
sidecar pad: Ok("\\\\?\\C:\\Users\\SectionTEST\\AppData\\Local\\FBS\\node-x86_64-pc-windows-msvc.exe")
sidecar bestaat: false
[node] ▲ Next.js 16.2.1

[node] - Local:         http://localhost:3001

[node] - Network:       http://0.0.0.0:3001

[node] ✓ Ready in 0ms

resource_dir: Ok("\\\\?\\C:\\Users\\SectionTEST\\AppData\\Local\\FBS")
server_js pad: "\\\\?\\C:\\Users\\SectionTEST\\AppData\\Local\\FBS\\app\\server.js"
server_js bestaat: true
server_js genormaliseerd: C:\Users\SectionTEST\AppData\Local\FBS\app\server.js
db_path: C:\Users\SectionTEST\AppData\Local\FBS\fbs.db
sidecar pad: Ok("\\\\?\\C:\\Users\\SectionTEST\\AppData\\Local\\FBS\\node-x86_64-pc-windows-msvc.exe")
sidecar bestaat: false
[node] ▲ Next.js 16.2.1

[node] - Local:         http://localhost:3001

[node] - Network:       http://0.0.0.0:3001

[node] ✓ Ready in 0ms

resource_dir: Ok("\\\\?\\C:\\Users\\SectionTEST\\AppData\\Local\\FBS")
server_js pad: "\\\\?\\C:\\Users\\SectionTEST\\AppData\\Local\\FBS\\app\\server.js"
server_js bestaat: true
server_js genormaliseerd: C:\Users\SectionTEST\AppData\Local\FBS\app\server.js
db_path: C:\Users\SectionTEST\AppData\Local\FBS\fbs.db
sidecar pad: Ok("\\\\?\\C:\\Users\\SectionTEST\\AppData\\Local\\FBS\\node-x86_64-pc-windows-msvc.exe")
sidecar bestaat: false
[node] ▲ Next.js 16.2.1

[node] - Local:         http://localhost:3001

[node] - Network:       http://0.0.0.0:3001

[node] ✓ Ready in 0ms

resource_dir: Ok("\\\\?\\C:\\Users\\SectionTEST\\AppData\\Local\\FBS")
server_js pad: "\\\\?\\C:\\Users\\SectionTEST\\AppData\\Local\\FBS\\app\\server.js"
server_js bestaat: true
server_js genormaliseerd: C:\Users\SectionTEST\AppData\Local\FBS\app\server.js
db_path: C:\Users\SectionTEST\AppData\Local\FBS\fbs.db
sidecar pad: Ok("\\\\?\\C:\\Users\\SectionTEST\\AppData\\Local\\FBS\\node-x86_64-pc-windows-msvc.exe")
sidecar bestaat: false
[node] ▲ Next.js 16.2.1

[node] - Local:         http://localhost:3001

[node] - Network:       http://0.0.0.0:3001

[node] ✓ Ready in 0ms

resource_dir: Ok("\\\\?\\C:\\Users\\SectionTEST\\AppData\\Local\\FBS")
server_js pad: "\\\\?\\C:\\Users\\SectionTEST\\AppData\\Local\\FBS\\app\\server.js"
server_js bestaat: true
server_js genormaliseerd: C:\Users\SectionTEST\AppData\Local\FBS\app\server.js
db_path: C:\Users\SectionTEST\AppData\Local\FBS\fbs.db
sidecar pad: Ok("\\\\?\\C:\\Users\\SectionTEST\\AppData\\Local\\FBS\\node-x86_64-pc-windows-msvc.exe")
sidecar bestaat: false
[node] ▲ Next.js 16.2.1

[node] - Local:         http://localhost:3001

[node] - Network:       http://0.0.0.0:3001

[node] ✓ Ready in 0ms

resource_dir: Ok("\\\\?\\C:\\Users\\SectionTEST\\AppData\\Local\\FBS")
server_js pad: "\\\\?\\C:\\Users\\SectionTEST\\AppData\\Local\\FBS\\app\\server.js"
server_js bestaat: true
server_js genormaliseerd: C:\Users\SectionTEST\AppData\Local\FBS\app\server.js
db_path: C:\Users\SectionTEST\AppData\Local\FBS\fbs.db
sidecar pad: Ok("\\\\?\\C:\\Users\\SectionTEST\\AppData\\Local\\FBS\\node-x86_64-pc-windows-msvc.exe")
sidecar bestaat: false
[node] ▲ Next.js 16.2.1

[node] - Local:         http://localhost:3001

[node] - Network:       http://0.0.0.0:3001

[node] ✓ Ready in 0ms

resource_dir: Ok("\\\\?\\C:\\Users\\SectionTEST\\AppData\\Local\\FBS")
server_js pad: "\\\\?\\C:\\Users\\SectionTEST\\AppData\\Local\\FBS\\app\\server.js"
server_js bestaat: true
server_js genormaliseerd: C:\Users\SectionTEST\AppData\Local\FBS\app\server.js
db_path: C:\Users\SectionTEST\AppData\Local\FBS\fbs.db
sidecar pad: Ok("\\\\?\\C:\\Users\\SectionTEST\\AppData\\Local\\FBS\\node-x86_64-pc-windows-msvc.exe")
sidecar bestaat: false
[node] ▲ Next.js 16.2.1

[node] - Local:         http://localhost:3001

[node] - Network:       http://0.0.0.0:3001

[node] ✓ Ready in 0ms

resource_dir: Ok("\\\\?\\C:\\Users\\SectionTEST\\AppData\\Local\\FBS")
server_js pad: "\\\\?\\C:\\Users\\SectionTEST\\AppData\\Local\\FBS\\app\\server.js"
server_js bestaat: true
server_js genormaliseerd: C:\Users\SectionTEST\AppData\Local\FBS\app\server.js
db_path: C:\Users\SectionTEST\AppData\Local\FBS\fbs.db
sidecar pad: Ok("\\\\?\\C:\\Users\\SectionTEST\\AppData\\Local\\FBS\\node-x86_64-pc-windows-msvc.exe")
sidecar bestaat: false
[node] ▲ Next.js 16.2.1

[node] - Local:         http://localhost:3001

[node] - Network:       http://0.0.0.0:3001

[node] ✓ Ready in 0ms

resource_dir: Ok("\\\\?\\C:\\Users\\SectionTEST\\AppData\\Local\\FBS")
server_js pad: "\\\\?\\C:\\Users\\SectionTEST\\AppData\\Local\\FBS\\app\\server.js"
server_js bestaat: true
server_js genormaliseerd: C:\Users\SectionTEST\AppData\Local\FBS\app\server.js
db_path: C:\Users\SectionTEST\AppData\Local\FBS\fbs.db
sidecar pad: Ok("\\\\?\\C:\\Users\\SectionTEST\\AppData\\Local\\FBS\\node-x86_64-pc-windows-msvc.exe")
sidecar bestaat: false
[node] ▲ Next.js 16.2.1

[node] - Local:         http://localhost:3001

[node] - Network:       http://0.0.0.0:3001

[node] ✓ Ready in 0ms

resource_dir: Ok("\\\\?\\C:\\Users\\SectionTEST\\AppData\\Local\\FBS")
server_js pad: "\\\\?\\C:\\Users\\SectionTEST\\AppData\\Local\\FBS\\app\\server.js"
server_js bestaat: true
server_js genormaliseerd: C:\Users\SectionTEST\AppData\Local\FBS\app\server.js
db_path: C:\Users\SectionTEST\AppData\Local\FBS\fbs.db
sidecar pad: Ok("\\\\?\\C:\\Users\\SectionTEST\\AppData\\Local\\FBS\\node-x86_64-pc-windows-msvc.exe")
sidecar bestaat: false
[node] ▲ Next.js 16.2.1

[node] - Local:         http://localhost:3001

[node] - Network:       http://0.0.0.0:3001

[node] ✓ Ready in 0ms

resource_dir: Ok("\\\\?\\C:\\Users\\SectionTEST\\AppData\\Local\\FBS")
server_js pad: "\\\\?\\C:\\Users\\SectionTEST\\AppData\\Local\\FBS\\app\\server.js"
server_js bestaat: true
server_js genormaliseerd: C:\Users\SectionTEST\AppData\Local\FBS\app\server.js
db_path: C:\Users\SectionTEST\AppData\Local\FBS\fbs.db
sidecar pad: Ok("\\\\?\\C:\\Users\\SectionTEST\\AppData\\Local\\FBS\\node-x86_64-pc-windows-msvc.exe")
sidecar bestaat: false
[node] ▲ Next.js 16.2.1

[node] - Local:         http://localhost:3001

[node] - Network:       http://0.0.0.0:3001

[node] ✓ Ready in 0ms

resource_dir: Ok("\\\\?\\C:\\Users\\SectionTEST\\AppData\\Local\\FBS")
server_js pad: "\\\\?\\C:\\Users\\SectionTEST\\AppData\\Local\\FBS\\app\\server.js"
server_js bestaat: true
server_js genormaliseerd: C:\Users\SectionTEST\AppData\Local\FBS\app\server.js
db_path: C:\Users\SectionTEST\AppData\Local\FBS\fbs.db
sidecar pad: Ok("\\\\?\\C:\\Users\\SectionTEST\\AppData\\Local\\FBS\\node-x86_64-pc-windows-msvc.exe")
sidecar bestaat: false
[node] ▲ Next.js 16.2.1

[node] - Local:         http://localhost:3001

[node] - Network:       http://0.0.0.0:3001

[node] ✓ Ready in 0ms

resource_dir: Ok("\\\\?\\C:\\Users\\SectionTEST\\AppData\\Local\\FBS")
server_js pad: "\\\\?\\C:\\Users\\SectionTEST\\AppData\\Local\\FBS\\app\\server.js"
server_js bestaat: true
server_js genormaliseerd: C:\Users\SectionTEST\AppData\Local\FBS\app\server.js
db_path: C:\Users\SectionTEST\AppData\Local\FBS\fbs.db
sidecar pad: Ok("\\\\?\\C:\\Users\\SectionTEST\\AppData\\Local\\FBS\\node-x86_64-pc-windows-msvc.exe")
sidecar bestaat: false
[node] ▲ Next.js 16.2.1

[node] - Local:         http://localhost:3001

[node] - Network:       http://0.0.0.0:3001

[node] ✓ Ready in 0ms

resource_dir: Ok("\\\\?\\C:\\Users\\SectionTEST\\AppData\\Local\\FBS")
server_js pad: "\\\\?\\C:\\Users\\SectionTEST\\AppData\\Local\\FBS\\app\\server.js"
server_js bestaat: true
server_js genormaliseerd: C:\Users\SectionTEST\AppData\Local\FBS\app\server.js
db_path: C:\Users\SectionTEST\AppData\Local\FBS\fbs.db
sidecar pad: Ok("\\\\?\\C:\\Users\\SectionTEST\\AppData\\Local\\FBS\\node-x86_64-pc-windows-msvc.exe")
sidecar bestaat: false
[node] ▲ Next.js 16.2.1

[node] - Local:         http://localhost:3001

[node] - Network:       http://0.0.0.0:3001

[node] ✓ Ready in 0ms

resource_dir: Ok("\\\\?\\C:\\Users\\SectionTEST\\AppData\\Local\\FBS")
server_js pad: "\\\\?\\C:\\Users\\SectionTEST\\AppData\\Local\\FBS\\app\\server.js"
server_js bestaat: true
server_js genormaliseerd: C:\Users\SectionTEST\AppData\Local\FBS\app\server.js
db_path: C:\Users\SectionTEST\AppData\Local\FBS\fbs.db
sidecar pad: Ok("\\\\?\\C:\\Users\\SectionTEST\\AppData\\Local\\FBS\\node-x86_64-pc-windows-msvc.exe")
sidecar bestaat: false
[node] ▲ Next.js 16.2.1

[node] - Local:         http://localhost:3001

[node] - Network:       http://0.0.0.0:3001

[node] ✓ Ready in 0ms

resource_dir: Ok("\\\\?\\C:\\Users\\SectionTEST\\AppData\\Local\\FBS")
server_js pad: "\\\\?\\C:\\Users\\SectionTEST\\AppData\\Local\\FBS\\app\\server.js"
server_js bestaat: true
server_js genormaliseerd: C:\Users\SectionTEST\AppData\Local\FBS\app\server.js
db_path: C:\Users\SectionTEST\AppData\Local\FBS\fbs.db
sidecar pad: Ok("\\\\?\\C:\\Users\\SectionTEST\\AppData\\Local\\FBS\\node-x86_64-pc-windows-msvc.exe")
sidecar bestaat: false
[node] ▲ Next.js 16.2.1

[node] - Local:         http://localhost:3001

[node] - Network:       http://0.0.0.0:3001

[node] ✓ Ready in 0ms

resource_dir: Ok("\\\\?\\C:\\Users\\SectionTEST\\AppData\\Local\\FBS")
server_js pad: "\\\\?\\C:\\Users\\SectionTEST\\AppData\\Local\\FBS\\app\\server.js"
server_js bestaat: true
server_js genormaliseerd: C:\Users\SectionTEST\AppData\Local\FBS\app\server.js
db_path: C:\Users\SectionTEST\AppData\Local\FBS\fbs.db
sidecar pad: Ok("\\\\?\\C:\\Users\\SectionTEST\\AppData\\Local\\FBS\\node-x86_64-pc-windows-msvc.exe")
sidecar bestaat: false
[node] ▲ Next.js 16.2.1

[node] - Local:         http://localhost:3001

[node] - Network:       http://0.0.0.0:3001

[node] ✓ Ready in 0ms

[updater] update check spawn wordt gestart
[updater] update check gestart
[updater] update gevonden: 0.1.5
[updater] download gestart
[updater] download/install fout: `Download request failed with status: 404 Not Found`
